commit a873942d2a501e983bc052e51f704c2e415f6fbf
Author: zfarn <zfarnsworth@utexas.edu>
Date:   Thu Apr 4 18:36:27 2013 -0500

    Updated readme

commit ace8ef53704365c76c5362189b9702956b30170d
Author: jupabago <jpbarraza@utexas.edu>
Date:   Thu Apr 4 18:31:31 2013 -0500

    final unit test commit

commit 4848999e280fea6042ab2e343446020a8609c374
Author: cm35498 <totalpawnage@yahoo.com>
Date:   Thu Apr 4 18:16:13 2013 -0500

    Added Adapted XML for the new schema

commit 11c64434ad72a49937cd7a713f99667be3afaf06
Author: jupabago <jpbarraza@utexas.edu>
Date:   Thu Apr 4 17:00:23 2013 -0500

    more unit tests...

commit 70e21705a619fc9374183e237ce26a1aff9cbe27
Author: Conrad VanLandingham <conrad@landdolph.in>
Date:   Thu Apr 4 15:44:47 2013 -0500

    finished up acceptance tests, and WCDB2.py

commit 5e8e99b56eb9bd9eeb14c707ed62ab2627a3f87d
Author: jupabago <jpbarraza@utexas.edu>
Date:   Thu Apr 4 11:53:04 2013 -0500

    more tests

commit f19d7fd1cfb6fd3f1fc7ecdec98c8ea7ea5ff040
Author: jupabago <jpbarraza@utexas.edu>
Date:   Thu Apr 4 10:13:21 2013 -0500

    more test cases

commit 57926ff56440377ceeb2366af6753fccac802a6d
Author: Conrad VanLandingham <conrad@landdolph.in>
Date:   Thu Apr 4 03:31:28 2013 -0500

    should be finished with WCDB2.py

commit 04080cf2da4ae5f681f04cc2db0078536dac1db3
Author: Conrad VanLandingham <conrad@landdolph.in>
Date:   Thu Apr 4 02:29:35 2013 -0500

    finished mappings

commit be8dbc1e51afae0f816044e7883b4093ff58fbb2
Author: = <=>
Date:   Thu Apr 4 00:15:03 2013 -0500

    Changed the tests so that order does not matter

commit a169b4d363b08b72045c7885afbf491c8d2cdd46
Author: Conrad VanLandingham <conrad_vanl@convandesign.com>
Date:   Wed Apr 3 22:53:41 2013 -0500

    updated wcdb2

commit 51c8b1cc7f4b1a56ce54dc1b42be45f528a5d6f7
Author: = <=>
Date:   Wed Apr 3 19:43:53 2013 -0500

    added Orgs to the mappings

commit 1244a693c287240082621f88e4b9c9ca166a3cb1
Merge: 8901ff7 7c6ced3
Author: zfarn <zfarnsworth@utexas.edu>
Date:   Wed Apr 3 18:54:23 2013 -0500

    Merge branch 'master' of https://github.com/conrad-vanl/cs327e-wcdb

commit 8901ff746dbb033584f21b9032cf74a643965946
Author: zfarn <zfarnsworth@utexas.edu>
Date:   Wed Apr 3 18:53:57 2013 -0500

    Added maps

commit 7c6ced3b4eb72c0db455c79df0f41627a1119cea
Author: jupabago <jpbarraza@utexas.edu>
Date:   Wed Apr 3 18:20:28 2013 -0500

    first test cases

commit bb6276f22f77c6fad7b3eddf6fae1fa3683d0472
Author: Conrad VanLandingham <conrad_vanl@convandesign.com>
Date:   Wed Apr 3 18:18:33 2013 -0500

    merged

commit 148dd44501cf76ecc5bb252833e1a14d4d144cf5
Merge: 1f343e9 672c321
Author: zfarn <zfarnsworth@utexas.edu>
Date:   Wed Apr 3 17:52:02 2013 -0500

    Merge branch 'master' of https://github.com/conrad-vanl/cs327e-wcdb

commit 1f343e90ddb9f4831f01fa17583eba08c575976b
Author: zfarn <zfarnsworth@utexas.edu>
Date:   Wed Apr 3 17:51:47 2013 -0500

    Updated UML

commit 672c321e15f2652949302f00bc09934a2365eb35
Author: = <=>
Date:   Wed Apr 3 17:40:46 2013 -0500

    Adding makefile

commit 27079b3d9d5c20f97ac67fe3faf7526529c8a5cf
Merge: 85317f8 930e959
Author: = <=>
Date:   Wed Apr 3 17:35:53 2013 -0500

    Merge branch 'master' of https://github.com/conrad-vanl/cs327e-wcdb

commit 2ac0aa1bcaf13ef4db92206e5bdddb76ea0e24dc
Merge: 524383e 27079b3
Author: zfarn <zfarnsworth@utexas.edu>
Date:   Wed Apr 3 17:35:46 2013 -0500

    Merge branch 'master' of https://github.com/conrad-vanl/cs327e-wcdb

commit 85317f8290e665eb4dc540388166970751c8dc5a
Author: = <=>
Date:   Wed Apr 3 17:35:23 2013 -0500

    adding all acceptance tests

commit 524383e3bb2cb8f81a1382869a42e834529cc4a1
Author: zfarn <zfarnsworth@utexas.edu>
Date:   Wed Apr 3 17:35:07 2013 -0500

    Added missing NOT NULLs

commit 930e95996e018867129f539dde4185405cafa435
Author: Conrad VanLandingham <conrad_vanl@convandesign.com>
Date:   Wed Apr 3 17:20:12 2013 -0500

    some stylisting changes and reformating, few bug fixes

commit e745efa6948fc1672a10c3cb168ebd90d6ea2cee
Merge: 4797c02 b0dd83f
Author: = <=>
Date:   Wed Apr 3 16:50:56 2013 -0500

    Merge branch 'master' of https://github.com/conrad-vanl/cs327e-wcdb

commit 4797c020ed03ef385ab1c6dfc71e3471eba8dedf
Author: = <=>
Date:   Wed Apr 3 16:49:41 2013 -0500

    Added acceptance tests

commit b0dd83fb590a6104b9738c865c7800b89d791c27
Author: Conrad VanLandingham <conrad_vanl@convandesign.com>
Date:   Wed Apr 3 16:34:24 2013 -0500

    update WCDB2.py

commit e18dd0a996604377d40191c4ba60ab543ca30b1e
Author: jupabago <jpbarraza@utexas.edu>
Date:   Wed Apr 3 16:33:57 2013 -0500

    first test

commit 9d97f2a60ed523dde0f27159182d7c7be72d7b54
Author: Conrad VanLandingham <conrad_vanl@convandesign.com>
Date:   Wed Apr 3 11:48:30 2013 -0500

    fixed schemas and python eror

commit 332e273b8c5cd9bee04f7f2591938d0ebca5797c
Author: zfarn <zfarnsworth@utexas.edu>
Date:   Wed Apr 3 10:32:36 2013 -0500

    Added schemas to python file

commit 80e584228198683aa2f1f67bf7fbcc7592ed066c
Author: zfarn <zfarnsworth@utexas.edu>
Date:   Wed Apr 3 09:03:09 2013 -0500

    Updated UML diagram to DB schema

commit 26d3d349bb2f98038d0262325c5088a99953445a
Author: Conrad VanLandingham <conrad@landdolph.in>
Date:   Wed Apr 3 03:36:34 2013 -0500

    woo! stuff

commit 5cab3afc364b159f67d6ec1e0d91734c9a8a9f86
Author: = <=>
Date:   Wed Apr 3 01:39:22 2013 -0500

    Wrote the code for the acceptance test

commit 9cb108fa2adae4dbfd4f56a6a62abd2c20e4a0da
Author: Conrad VanLandingham <conrad@landdolph.in>
Date:   Wed Apr 3 00:50:16 2013 -0500

    this should do it

commit cbb4d6776944a896ecb2e03215cbdcdd0cee18f1
Author: Conrad VanLandingham <conrad@landdolph.in>
Date:   Wed Apr 3 00:48:04 2013 -0500

    trying to fix markdown tables in schema

commit 215c776605365c4cbd5bfe109ebbbd174ccdcb39
Author: Conrad VanLandingham <conrad@landdolph.in>
Date:   Wed Apr 3 00:46:04 2013 -0500

    schema should go in root folder

commit 599ed0657c64fd45ea462357d1cf6edf9437d54b
Author: Conrad VanLandingham <conrad@landdolph.in>
Date:   Wed Apr 3 00:36:04 2013 -0500

    created MySQL schema

commit 8749aa5ba94fec17b179b56dd0dbdff3911b0485
Author: Conrad VanLandingham <conrad_vanl@convandesign.com>
Date:   Tue Apr 2 21:38:42 2013 -0500

    fixed login

commit 833bc9eba8ec685036bdf6f160903641f59f0d0b
Author: zfarn <zfarnsworth@utexas.edu>
Date:   Tue Apr 2 19:50:09 2013 -0500

    Added initial UML diagram and its source code

commit 6c228327f0e1820f6cfd66ac958b9fa4b13a97e7
Author: jupabago <jpbarraza@utexas.edu>
Date:   Tue Apr 2 17:58:22 2013 -0500

    data for first 2 crises

commit 50139c78d57e146dee5fa0b43ecc1493c031027a
Author: jupabago <jpbarraza@utexas.edu>
Date:   Tue Apr 2 17:15:59 2013 -0500

    new XML schema instance

commit 1ae7dfa4a9487f726f4fdc74e32aaa5a69d7fd5c
Author: Conrad VanLandingham <conrad@landdolph.in>
Date:   Tue Apr 2 11:17:57 2013 -0500

    basic mysql login, getting connection error right now

commit a61aff00732b2b49ecb867c2a74c09f5f4e5f1d8
Author: Conrad VanLandingham <conrad@landdolph.in>
Date:   Tue Apr 2 10:41:42 2013 -0500

    started WCDB2 mysql stuff

commit 5e01d5e4527095efa412cbe417a77a9c97f38432
Author: Conrad VanLandingham <conrad@landdolph.in>
Date:   Tue Apr 2 10:31:43 2013 -0500

    added python-mysql install instructions

commit be92571e1683c79c30a99c6310d34d0f4b5ab250
Author: Conrad VanLandingham <conrad@landdolph.in>
Date:   Tue Apr 2 10:31:32 2013 -0500

    added XSD

commit 3edd57b04f4f3f60dfdbe6f7e5c9355fd22f3b55
Author: Conrad VanLandingham <conrad@landdolph.in>
Date:   Tue Apr 2 10:03:04 2013 -0500

    copied XML methods from WCDB1, added error checking

commit 6f3349cc006faed117337bd2e1b525e89551c8d0
Author: Conrad VanLandingham <conrad@landdolph.in>
Date:   Tue Apr 2 09:51:43 2013 -0500

    updated readme

commit a1fb2a1d99cba99c06e7140b0ead28b5f5f0a0be
Author: Conrad VanLandingham <conrad@landdolph.in>
Date:   Tue Apr 2 09:50:49 2013 -0500

    added readme back

commit 45e065141fd140090da37d845245c97cab141785
Author: Conrad VanLandingham <conrad@landdolph.in>
Date:   Tue Apr 2 09:49:55 2013 -0500

    created empty files

commit 83aa3ba47d94a6631657fb959d7187301093d909
Author: Conrad VanLandingham <conrad@landdolph.in>
Date:   Tue Apr 2 09:48:09 2013 -0500

    moving stuff to WCDB1 folder

commit 971ded71c3a8cba82f9c38a505416afb9ca4b865
Author: jupabago <jpbarraza@utexas.edu>
Date:   Mon Apr 1 17:34:24 2013 -0500

    commit

commit 5a43cce71840fc41af04b99fe242e98d48ef345d
Author: Cheng Ma <totalpawnage@yahoo.com>
Date:   Thu Mar 7 20:24:17 2013 -0600

    Update WCDB1.xml

commit b5f6f4e008ef5d0628ae868a00f09b8ede674d18
Author: Cheng Ma <totalpawnage@yahoo.com>
Date:   Thu Mar 7 20:18:24 2013 -0600

    Update WCDB1.xml

commit 083279116771caff421f3ad6813d78d72d556786
Author: Cheng Ma <totalpawnage@yahoo.com>
Date:   Thu Mar 7 20:15:46 2013 -0600

    Update WCDB1.xml

commit d52d20beb68be6497c963f9a9fb992bcbe3de144
Author: Cheng Ma <totalpawnage@yahoo.com>
Date:   Thu Mar 7 20:12:20 2013 -0600

    Update WCDB1.xml

commit 4062d4bb1517c9221d314deb9dbc36583c4f7138
Author: Cheng Ma <totalpawnage@yahoo.com>
Date:   Thu Mar 7 20:06:32 2013 -0600

    Update WCDB1.xml

commit 47e93f0bc68a9d2643ac88b4c083c1647f8b818f
Author: Cheng Ma <totalpawnage@yahoo.com>
Date:   Thu Mar 7 19:58:25 2013 -0600

    Update WCDB1.xml

commit a3d94a435c11bc43f11dc5fbdbe3aee361e9094d
Author: Cheng Ma <totalpawnage@yahoo.com>
Date:   Thu Mar 7 19:51:45 2013 -0600

    Update WCDB1.xml

commit a9210acba0db0badeb88c3dd7b62cd237df26116
Author: Cheng Ma <totalpawnage@yahoo.com>
Date:   Thu Mar 7 19:48:40 2013 -0600

    Update WCDB1.xml

commit be3191db566d0c3ecb9aa63c84eb1670d153ec1c
Author: Cheng Ma <totalpawnage@yahoo.com>
Date:   Thu Mar 7 19:46:09 2013 -0600

    Update WCDB1.xml

commit 79567c1e4f4650334b260d863671d90f151b7695
Author: Cheng Ma <totalpawnage@yahoo.com>
Date:   Thu Mar 7 19:42:59 2013 -0600

    Update WCDB1.xml

commit a12770fafafe1cc50b4c7a6325308ead6825278c
Author: Conrad VanLandingham <conrad@landdolph.in>
Date:   Thu Mar 7 19:38:51 2013 -0600

    added turn in zip

commit e44afcb7015024742091378114c8189533bababa
Author: Cheng Ma <totalpawnage@yahoo.com>
Date:   Thu Mar 7 19:38:57 2013 -0600

    Update WCDB1.xml

commit 82db58f1ea241456587d4d02239f11c1f70b4307
Author: Cheng Ma <totalpawnage@yahoo.com>
Date:   Thu Mar 7 19:35:26 2013 -0600

    Update WCDB1.xml

commit 2ee179594be9343c3316df94ff6b0bbdcdc8cd9a
Author: Cheng Ma <totalpawnage@yahoo.com>
Date:   Thu Mar 7 19:31:52 2013 -0600

    Update WCDB1.xml

commit 6254d29c5b0bce4d74c55735861d7ff04783bde0
Merge: 9c5123a 2c67444
Author: zfarn <zfarnsworth@utexas.edu>
Date:   Thu Mar 7 19:26:42 2013 -0600

    Merge branch 'master' of https://github.com/conrad-vanl/cs327e-wcdb

commit 9c5123a468c99f6b90138fab48a57094bbc787d5
Author: zfarn <zfarnsworth@utexas.edu>
Date:   Thu Mar 7 19:26:10 2013 -0600

    Another data update

commit 2c674445895b116db483c7254c0bd055545e08e3
Author: cm35498 <totalpawnage@yahoo.com>
Date:   Thu Mar 7 19:21:14 2013 -0600

    edited WCDB1

commit 1ed5527eb20eb8b192f1f576b3ca2a137c27b4a8
Author: Cheng Ma <totalpawnage@yahoo.com>
Date:   Thu Mar 7 19:17:08 2013 -0600

    Update WCDB1.Juan.xml

commit 6982f142467106bf35df4a146d31223e5bbb009b
Author: Cheng Ma <totalpawnage@yahoo.com>
Date:   Thu Mar 7 19:12:52 2013 -0600

    Update WCDB1.Conrad.xml

commit 142ba568c5584da19ca0af8edb3351d0ab19f6d2
Author: Cheng Ma <totalpawnage@yahoo.com>
Date:   Thu Mar 7 19:09:33 2013 -0600

    Update WCDB1.Cheng.xml

commit 9b7996671a8d4a562d4ee8e661522f8559e96cfc
Author: jupabago <jpbarraza@utexas.edu>
Date:   Thu Mar 7 19:04:23 2013 -0600

    fixed to validate

commit 4eb788a2f9561588c1c7e5f8ad232e47e0706f57
Merge: e677a90 e5c4d15
Author: zfarn <zfarnsworth@utexas.edu>
Date:   Thu Mar 7 19:06:34 2013 -0600

    Merge branch 'master' of https://github.com/conrad-vanl/cs327e-wcdb

commit e5c4d15acb2d927ab97746a4e22f2f3a5a1210c8
Author: Cheng Ma <totalpawnage@yahoo.com>
Date:   Thu Mar 7 19:06:27 2013 -0600

    Update WCDB1.Cheng.xml

commit e677a906b9c357499ec77f31639e78274e44e04a
Author: zfarn <zfarnsworth@utexas.edu>
Date:   Thu Mar 7 19:05:48 2013 -0600

    Fixed key refs for my data

commit a6ef63e4772659ee28210921f77696336c272bad
Author: jupabago <jpbarraza@utexas.edu>
Date:   Thu Mar 7 19:03:29 2013 -0600

    merged document

commit ec237fa63cd8d1ffac04023f2c45fb9be70b6825
Author: cm35498 <totalpawnage@yahoo.com>
Date:   Thu Mar 7 18:51:49 2013 -0600

    Added XML files for my 6 topics

commit 3f2936abb247bc9ccaab8d7336ee201715d0e702
Author: jupabago <jpbarraza@utexas.edu>
Date:   Thu Mar 7 18:46:54 2013 -0600

    validation changes

commit 0810897de9b25f26b76d6a7c84f0bda576bff7cd
Author: jupabago <jpbarraza@utexas.edu>
Date:   Thu Mar 7 18:00:59 2013 -0600

    log and documentation

commit 96a9588836181e669bf73cb4960ff9dd8cb9d1a4
Author: jupabago <jpbarraza@utexas.edu>
Date:   Thu Mar 7 17:47:04 2013 -0600

    unit test out file

commit b43a4bb8bd3fef1b4f3475b22c4391585dd269d2
Author: jupabago <jpbarraza@utexas.edu>
Date:   Thu Mar 7 17:31:49 2013 -0600

    fixed temp file bug

commit 23455ab72799c4c973cdff01591f3914fa325b7a
Author: = <=>
Date:   Thu Mar 7 17:23:36 2013 -0600

    Adding finished XML

commit 48f7b3c43c26d707fdc2345d089dfc1bc8bf8a9a
Author: jupabago <jpbarraza@utexas.edu>
Date:   Thu Mar 7 17:19:05 2013 -0600

    Last Unit tests

commit 8659d8bc15c2997b0d96cbb3fb0e47a3ba72a28a
Author: jupabago <jpbarraza@utexas.edu>
Date:   Thu Mar 7 17:14:44 2013 -0600

    more unit tests

commit ff26b619e370d3e717e79bc3959fffdce9cfa9df
Merge: 685d3f0 9607374
Author: = <=>
Date:   Thu Mar 7 15:35:24 2013 -0600

    Merge branch 'master' of https://github.com/conrad-vanl/cs327e-wcdb

commit 685d3f0b44c783812707e82b94eaa8013820aa91
Author: = <=>
Date:   Thu Mar 7 15:34:50 2013 -0600

    Adding XML

commit 96073743621123b31e4ede3f24956f4f6ec9eb33
Author: Conrad VanLandingham <conrad@landdolph.in>
Date:   Thu Mar 7 15:09:40 2013 -0600

    finished my data

commit 14109228b55bf626d380ebd5dfc3edd5771c8c02
Author: jupabago <jpbarraza@utexas.edu>
Date:   Thu Mar 7 14:38:06 2013 -0600

    Data

commit e8beb881b8b2bb416c5fec8e9d22510f7d9a19d7
Author: zfarn <zfarnsworth@utexas.edu>
Date:   Thu Mar 7 14:36:20 2013 -0600

    Updated data and added missing ending tag to xsd

commit 8a1c07444a1f1328f1e9fea6775b0f6537a7d4df
Merge: 0590b55 4c248ec
Author: zfarn <zfarnsworth@utexas.edu>
Date:   Thu Mar 7 14:13:09 2013 -0600

    Merge branch 'master' of https://github.com/conrad-vanl/cs327e-wcdb

commit 0590b55248eca4e34c8c6f0d41bd188b949f3363
Author: zfarn <zfarnsworth@utexas.edu>
Date:   Thu Mar 7 14:04:44 2013 -0600

    Coordinates now accept decimals, and here is my data

commit 4c248ec5ea0838de38a4abd92caf3ac522f13984
Author: Conrad VanLandingham <conrad@landdolph.in>
Date:   Thu Mar 7 13:50:36 2013 -0600

    started my data

commit 9bbab69fdbf03fa768c8674f6cf84cb1459e05e1
Author: Conrad VanLandingham <conrad@landdolph.in>
Date:   Thu Mar 7 12:12:39 2013 -0600

    updated to latest XSD

commit 607c68efb34a8dce3c4c6b240aeecca77fd6d50f
Author: jupabago <jpbarraza@utexas.edu>
Date:   Thu Mar 7 13:34:35 2013 -0600

    Unit Test

commit 50134c896581d101c003ef4490bf5b4db960c337
Author: zfarn <zfarnsworth@utexas.edu>
Date:   Thu Mar 7 13:15:12 2013 -0600

    Minor capitalization correction

commit 9f64bf9c41d44d707a398902aa2d3b567a85ac6e
Author: zfarn <zfarnsworth@utexas.edu>
Date:   Thu Mar 7 13:09:20 2013 -0600

    Fixed coordinates, updated example, radius in miles

commit 6ef0f74e8746633b1769c3b64557e96c5bab86ec
Author: zfarn <zfarnsworth@utexas.edu>
Date:   Thu Mar 7 12:33:57 2013 -0600

    Added a missing ending tag

commit e876dc9d65ff9bd283451c34b01576cc4c93f7bf
Author: Conrad VanLandingham <conrad@landdolph.in>
Date:   Thu Mar 7 12:07:44 2013 -0600

    added coordinatesType back in

commit 662a3e2985ed8269b4c8b189cab8ea93ffe320a1
Author: Conrad VanLandingham <conrad@landdolph.in>
Date:   Thu Mar 7 12:00:39 2013 -0600

    added coordinatesType back in

commit 94f14f20fbf983b6a65a8d3bd2907e88d75f2daa
Author: zfarn <zfarnsworth@utexas.edu>
Date:   Thu Mar 7 10:06:47 2013 -0600

    Updated XSD to current version

commit 3da09ea5e31c84c1fc1fbd922f1dd507366ccc68
Author: zfarn <zfarnsworth@utexas.edu>
Date:   Thu Mar 7 09:11:54 2013 -0600

    Fixed mismatching tags in example

commit 7e7d8d7139447c2dd35e09970bc651f2d011ed70
Author: zfarn <zfarnsworth@utexas.edu>
Date:   Thu Mar 7 08:24:22 2013 -0600

    Fixed missing square braket

commit 0f3830d9968778a120af27ea927e4494fcd461ca
Author: Conrad VanLandingham <conrad@landdolph.in>
Date:   Thu Mar 7 00:46:28 2013 -0600

    finalized acceptance tests

commit 07f4688322e985f095bd8f17c6ca5ff4d45344a6
Author: Conrad VanLandingham <conrad@landdolph.in>
Date:   Thu Mar 7 00:38:04 2013 -0600

    can I get brownie points for gnerating a badass acceptance test?

commit 24924c9e8544e6542e760babd3f9c53ee7fa7aeb
Author: Conrad VanLandingham <conrad@landdolph.in>
Date:   Wed Mar 6 23:54:14 2013 -0600

    okay, I guess we are uppercasing first letter on everything

commit a7561237307d30ed89c0d8066c512f116b2665a5
Merge: e716898 005bef3
Author: Conrad VanLandingham <conrad@landdolph.in>
Date:   Wed Mar 6 23:45:08 2013 -0600

    I think I got everything merged correctly now....

commit 005bef3e8c800f46654c040fded917d14a70769c
Author: Cheng Ma <totalpawnage@yahoo.com>
Date:   Wed Mar 6 23:42:11 2013 -0600

    Update XSD.xml
    
    Added name implementation for people, edited some syntax elements

commit e716898f9d9605a3e77929a702d2858d17e75816
Merge: ef915c7 15cd388
Author: Conrad VanLandingham <conrad@landdolph.in>
Date:   Wed Mar 6 23:41:40 2013 -0600

    merged from PublicXSD

commit 15cd388896107c80a335f8ff937972cfd3211a3c
Author: Conrad VanLandingham <conrad@landdolph.in>
Date:   Wed Mar 6 23:35:52 2013 -0600

    added example

commit c6c4726d401b2379849ca070e3a67dd77c3eb036
Author: Conrad VanLandingham <conrad@landdolph.in>
Date:   Wed Mar 6 23:35:36 2013 -0600

    added string so you can "label" a coordinatesType

commit 380cd8effa2a3ea8ed03e14de5060943a4fbacc7
Author: Conrad VanLandingham <conrad@landdolph.in>
Date:   Wed Mar 6 23:28:43 2013 -0600

    added gps coordinates to locationType

commit ef915c7443d459553473d6597db37f3b747b63a9
Author: Conrad VanLandingham <conrad@landdolph.in>
Date:   Wed Mar 6 23:22:47 2013 -0600

    getting acceptance tests ready

commit 691aaaad8bcf66d22560ad0cca087cdf8485016c
Author: Conrad VanLandingham <conrad@landdolph.in>
Date:   Wed Mar 6 23:22:32 2013 -0600

    added GPS coordinates as optional param to locationType

commit a4e0393fcbe9f0b9af940ec73c54b53744d9fefc
Author: Conrad VanLandingham <conrad_vanl@convandesign.com>
Date:   Wed Mar 6 22:59:39 2013 -0600

    more acceptance test work

commit 9215b86492396458b3d7dc3631dbd80eec8f7e42
Merge: 30bce5b 0852c6e
Author: Conrad VanLandingham <conrad@landdolph.in>
Date:   Wed Mar 6 22:49:30 2013 -0600

    delete old / outdated files

commit 0852c6e1988930c2137ad1387b5462fee9d717eb
Author: Taylor McCaslin <Taylor4484@gmail.com>
Date:   Wed Mar 6 20:20:14 2013 -0600

    Added Youtube to Social network types

commit 53f79482b9efae0d78c2b7a9943ec9044317c157
Author: Taylor McCaslin <Taylor4484@gmail.com>
Date:   Wed Mar 6 20:00:25 2013 -0600

    Spelling is hard! Revisions!

commit a9e512a0d8a6cf16f3331211682b4986c7c29d9d
Author: Taylor McCaslin <Taylor4484@gmail.com>
Date:   Wed Mar 6 19:00:19 2013 -0600

    Clarified StartDate on Crisis
    
    can be string now

commit fb284d955f87698db22ac05f9588e8d50f596829
Author: Taylor McCaslin <Taylor4484@gmail.com>
Date:   Wed Mar 6 18:58:32 2013 -0600

    Fixed Typo
    
    plural citations to singular citation

commit 93f6aa2ebda7bc8e626b9dde13c73ed359094968
Author: Taylor McCaslin <Taylor4484@gmail.com>
Date:   Wed Mar 6 18:30:12 2013 -0600

    Fix bug in instance example
    
    Fixed incorrect closing tags forvide, map and link. Fixed ID refs

commit f3d393d8fc517d13ea7ef5ff831f99e2ae818bf0
Author: Taylor McCaslin <Taylor4484@gmail.com>
Date:   Wed Mar 6 18:28:05 2013 -0600

    Fixed XSD bugs
    
    StartDate is now a string allowing wiggle for nonspecific dates

commit c423f7ab6648b07f4fa7c2dd75f780ebd6794095
Author: Taylor McCaslin <Taylor4484@gmail.com>
Date:   Wed Mar 6 17:42:29 2013 -0600

    Allowed Start Date to be a date or string
    
    Used for ongoing things with not solid start dates

commit b18cab7d9f1cb2b2b8eaefad42c917c77c903f1c
Author: Taylor McCaslin <Taylor4484@gmail.com>
Date:   Wed Mar 6 16:56:58 2013 -0600

    Updated XSD and Instance Example

commit 3437fd06f414e886ed5fd1d5c63ea022a242f90f
Author: Taylor McCaslin <Taylor4484@gmail.com>
Date:   Wed Mar 6 16:45:09 2013 -0600

    Added Instance Example
    
    Will extend to include Org and People

commit a156c09fb0daea2cee4b147f2f70df9a634fa39c
Author: Taylor McCaslin <Taylor4484@gmail.com>
Date:   Wed Mar 6 16:13:14 2013 -0600

    Added Documentation and added consistancy
    
    changed info element t o Info (capital I)

commit 4ae5d50bffd94617a7d241ad629561f817ffe991
Author: Taylor McCaslin <Taylor4484@gmail.com>
Date:   Wed Mar 6 15:54:55 2013 -0600

    Revised XSD - Fully Validated!
    
    XSD vaildates: http://www.w3.org/2001/03/webdata/xsv

commit 30bce5b91fd1e9115ad79dbb35ea3f9c7e4be27d
Author: Conrad VanLandingham <conrad_vanl@convandesign.com>
Date:   Wed Mar 6 13:58:34 2013 -0600

    some changes to the scmea

commit 9dac13a944e98258bb8356763223bd7f8f545216
Author: Conrad VanLandingham <conrad_vanl@convandesign.com>
Date:   Wed Mar 6 13:58:27 2013 -0600

    started acceptance_test generators...not yet working

commit cc983bac18715797c487d4ce904dc54e68ed09a0
Author: Conrad VanLandingham <conrad_vanl@convandesign.com>
Date:   Wed Mar 6 13:57:58 2013 -0600

    fixed elementTree vs element bug

commit 1243ef982ddee63bace90a3225a388c8478ff6ef
Author: Taylor McCaslin <Taylor4484@gmail.com>
Date:   Wed Mar 6 13:10:52 2013 -0600

    Wrong file committ

commit 39060084034906aea0c7ed019348c71543e29846
Author: Cheng Ma <totalpawnage@yahoo.com>
Date:   Wed Mar 6 13:03:42 2013 -0600

    Update WCDB Version 2.xml

commit 200edcc3f14623971989a20896772bd0f268ec6d
Author: Cheng Ma <totalpawnage@yahoo.com>
Date:   Wed Mar 6 13:02:34 2013 -0600

    Update WCDB Version 2.xml

commit c94ec1a3190bd764e9eb705cef5c07e5d2c19ab9
Author: Cheng Ma <totalpawnage@yahoo.com>
Date:   Wed Mar 6 12:52:03 2013 -0600

    Update WCDB Version 2.xml

commit bd4a8a5d5a02dce88d6978e826bc7e6ef1bd36a7
Author: Taylor McCaslin <Taylor4484@gmail.com>
Date:   Wed Mar 6 12:30:02 2013 -0600

    Initial Commit

commit cb0b3a35865f36f33875a722d2065dd35fa0ab16
Author: Cheng Ma <totalpawnage@yahoo.com>
Date:   Wed Mar 6 12:24:23 2013 -0600

    Update Schema.xml

commit f292c0b05535c0e180023135c83ddd1d6fe0f2c2
Author: cm35498 <totalpawnage@yahoo.com>
Date:   Wed Mar 6 12:17:57 2013 -0600

    Updated XML Files fitting new schema

commit 87f4a6af9337e08f4875ab35f430a94c97232f80
Author: Cheng Ma <totalpawnage@yahoo.com>
Date:   Wed Mar 6 12:08:58 2013 -0600

    Update Schema.xml

commit 94c18206f2379894e323e1c796eb8ed32635be7f
Author: Cheng Ma <totalpawnage@yahoo.com>
Date:   Wed Mar 6 12:03:33 2013 -0600

    Update Schema.xml
    
    Fixed some syntax and implemented first name and last name

commit 26c7e516c2fe85c8f5d829e0c4f63faa1244384c
Author: Conrad VanLandingham <conrad_vanl@convandesign.com>
Date:   Wed Mar 6 11:26:23 2013 -0600

    maxOccurs on several elements to unbounded

commit e75424884a60148847e0bbfc485190f2ec76e2c6
Merge: df2617a ca500e2
Author: Conrad VanLandingham <conrad_vanl@convandesign.com>
Date:   Wed Mar 6 11:01:57 2013 -0600

    Merge branch 'master' of https://github.com/conrad-vanl/cs327e-wcdb

commit df2617adb2ff315834c12c0abdb034535f8a2fca
Merge: 3cf4fde 581a088
Author: Conrad VanLandingham <conrad_vanl@convandesign.com>
Date:   Wed Mar 6 11:01:21 2013 -0600

    Merge branch 'master' of https://gist.github.com/5098185

commit 581a0886ffc67935291cbb68ce51f58512fba711
Author: Taylor McCaslin <Taylor4484@gmail.com>
Date:   Wed Mar 6 09:54:56 2013 +0000

commit ca500e29eaa3d1318a3aa4a4a847f212da1c410f
Author: Cheng Ma <totalpawnage@yahoo.com>
Date:   Tue Mar 5 22:51:43 2013 -0600

    Update WCDB1.xsd.xml

commit f80665ccfe2c726b64fadd0ab5ae88655a77a5db
Author: Cheng Ma <totalpawnage@yahoo.com>
Date:   Tue Mar 5 22:50:04 2013 -0600

    Update WCDB1.xsd.xml
    
    Fixed syntax and spacing errors

commit c85570a4928320ca15cda57b6fb32abf4d5b294e
Author: Conrad VanLandingham <conrad@landdolph.in>
Date:   Tue Mar 5 17:34:44 2013 -0600

    basic XSD updates

commit 3b7f1462d2c211e0fddc3ddb8ecb81b2920ce1f6
Author: Conrad VanLandingham <conrad@landdolph.in>
Date:   Tue Mar 5 17:12:27 2013 -0600

    import/export util

commit dab8242b5e443f6856d7b0dd8b002ee9a442f399
Author: jupabago <jpbarraza@utexas.edu>
Date:   Tue Mar 5 15:31:13 2013 -0600

    First draft of XML
    
    This is the xml of the data I gathered from the template Conrad puseh
    earlier.
    I created a tag "WCBD" andthat contains CRISES, ORGANIZATIONS and
    PERSONS. I thought it would be better, but we can go back to the
    original one

commit b76055f4a5c16c31da2d9cc8e211c1fbaa055aa2
Author: Conrad VanLandingham <conrad@landdolph.in>
Date:   Tue Mar 5 13:16:44 2013 -0600

    Update WCDB1.xml

commit 54355b475a4b068707e3b0770ce1563241e6c852
Author: Conrad VanLandingham <conrad@landdolph.in>
Date:   Tue Mar 5 13:13:11 2013 -0600

    Update WCDB1.xml

commit c2b524293734cb2e15e67c7f70e39e18b949f5de
Author: cm35498 <totalpawnage@yahoo.com>
Date:   Mon Mar 4 20:59:39 2013 -0600

    Added Organization XSD and fixed a few syntax bugs with the XSD

commit 43987b127164ef8f64757b6e5ccd91ab4fd97782
Merge: b7157e7 a678665
Author: = <=>
Date:   Mon Mar 4 13:20:54 2013 -0600

    Merge branch 'master' of https://github.com/conrad-vanl/cs327e-wcdb

commit b7157e7f54682aba223a9508dd472bd651e4423b
Author: = <=>
Date:   Mon Mar 4 13:03:30 2013 -0600

    added description att to location elt

commit a67866509e5343494609b38180814bf6d82e4578
Author: zfarn <zfarnsworth@utexas.edu>
Date:   Mon Mar 4 06:14:43 2013 -0600

    Fixed a few things in the XML example file

commit cac420be7569577ae7c5623b46e52a4beee6279f
Author: zfarn <zfarnsworth@utexas.edu>
Date:   Sun Mar 3 17:45:08 2013 -0600

    Updated example XML and XSD from Sunday meeting

commit 3cf4fdebeae41f25d47a09cf7d3ddfe55e4d3b53
Author: Conrad VanLandingham <conrad_vanl@convandesign.com>
Date:   Fri Mar 1 14:34:20 2013 -0600

    Started xml and xsd

commit 7ec3ece1cdc00da35329156ace13a7f63d33d6f0
Author: Conrad VanLandingham <conrad@landdolph.in>
Date:   Fri Mar 1 11:22:20 2013 -0800

    Initial commit
